<?xml version="1.0" encoding="UTF-8"?>
<testsuite xmlns:xsi="http://www.w3.org/2001/XMLSchema-instance" xsi:noNamespaceSchemaLocation="https://maven.apache.org/surefire/maven-surefire-plugin/xsd/surefire-test-report-3.0.xsd" version="3.0" name="com.example.WebApplicationTest" time="269.778" tests="16" errors="0" skipped="0" failures="0">
  <properties>
[...]
</properties>
  <testcase name="testCase16_VerifyScrollFunctionality" classname="com.example.WebApplicationTest" time="18.141">
    <system-out><![CDATA[✓ Headless Chrome browser launched successfully

=== Test Case 16: Scroll Functionality ===
✓ Scroll position after scrolling down: 0
✓ Scrolled back to top
✓ Headless Chrome browser closed successfully
]]></system-out>
    <system-err><![CDATA[SLF4J: No SLF4J providers were found.
SLF4J: Defaulting to no-operation (NOP) logger implementation
SLF4J: See https://www.slf4j.org/codes.html#noProviders for further details.
May 05, 2026 3:21:56 AM org.openqa.selenium.devtools.CdpVersionFinder findNearestMatch
WARNING: Unable to find CDP implementation matching 147
May 05, 2026 3:21:56 AM org.openqa.selenium.chromium.ChromiumDriver lambda$new$5
WARNING: Unable to find version of CDP to use for 147.0.7727.138. You may need to include a dependency on a specific version of the CDP using something similar to `org.seleniumhq.selenium:selenium-devtools-v86:4.15.0` where the version ("v86") matches the version of the chromium-based browser you're using and the version number of the artifact is the same as Selenium's.
]]></system-err>
  </testcase>
  <testcase name="testCase13_VerifyImagesLoaded" classname="com.example.WebApplicationTest" time="7.923">
    <system-out><![CDATA[✓ Headless Chrome browser launched successfully

=== Test Case 13: Images Loaded Test ===
✓ Number of images on page: 3
✓ Images with valid src: 3
✓ Headless Chrome browser closed successfully
]]></system-out>
    <system-err><![CDATA[May 05, 2026 3:22:13 AM org.openqa.selenium.devtools.CdpVersionFinder findNearestMatch
WARNING: Unable to find CDP implementation matching 147
May 05, 2026 3:22:13 AM org.openqa.selenium.chromium.ChromiumDriver lambda$new$5
WARNING: Unable to find version of CDP to use for 147.0.7727.138. You may need to include a dependency on a specific version of the CDP using something similar to `org.seleniumhq.selenium:selenium-devtools-v86:4.15.0` where the version ("v86") matches the version of the chromium-based browser you're using and the version number of the artifact is the same as Selenium's.
]]></system-err>
  </testcase>
  <testcase name="testCase08_VerifyNavigationLinks" classname="com.example.WebApplicationTest" time="28.53">
    <system-out><![CDATA[✓ Headless Chrome browser launched successfully

=== Test Case 8: Verify Navigation Links ===
✓ Number of links found: 5
  - Link: R
RentEase
  - Link: Sign In
  - Link: Get Started
✓ Headless Chrome browser closed successfully
]]></system-out>
    <system-err><![CDATA[May 05, 2026 3:22:21 AM org.openqa.selenium.devtools.CdpVersionFinder findNearestMatch
WARNING: Unable to find CDP implementation matching 147
May 05, 2026 3:22:21 AM org.openqa.selenium.chromium.ChromiumDriver lambda$new$5
WARNING: Unable to find version of CDP to use for 147.0.7727.138. You may need to include a dependency on a specific version of the CDP using something similar to `org.seleniumhq.selenium:selenium-devtools-v86:4.15.0` where the version ("v86") matches the version of the chromium-based browser you're using and the version number of the artifact is the same as Selenium's.
]]></system-err>
  </testcase>
  <testcase name="testCase01_UserLogin" classname="com.example.WebApplicationTest" time="25.836">
    <system-out><![CDATA[✓ Headless Chrome browser launched successfully

=== Test Case 1: User Login ===
Login form elements not found - testing alternative paths: invalid selector: Unable to locate an element with the xpath expression //*[contains(text(), 'Login') or contains(text(), 'Sign In') or @id='login' or @class*='login'] because of the following error:
SyntaxError: Failed to execute 'evaluate' on 'Document': The string '//*[contains(text(), 'Login') or contains(text(), 'Sign In') or @id='login' or @class*='login']' is not a valid XPath expression.
  (Session info: chrome=147.0.7727.138)
For documentation on this error, please visit: https://www.selenium.dev/documentation/webdriver/troubleshooting/errors#invalid-selector-exception
Build info: version: '4.15.0', revision: '1d14b5521b'
System info: os.name: 'Mac OS X', os.arch: 'x86_64', os.version: '15.7.4', java.version: '25'
Driver info: org.openqa.selenium.chrome.ChromeDriver
Command: [34f4506c2117c94d9af93e52c297c4ec, findElements {using=xpath, value=//*[contains(text(), 'Login') or contains(text(), 'Sign In') or @id='login' or @class*='login']}]
Capabilities {acceptInsecureCerts: false, browserName: chrome, browserVersion: 147.0.7727.138, chrome: {chromedriverVersion: 147.0.7727.117 (474cc805edd..., userDataDir: /var/folders/0r/zljy6zy91g9...}, fedcm:accounts: true, goog:chromeOptions: {debuggerAddress: localhost:64150}, goog:processID: 21726, networkConnectionEnabled: false, pageLoadStrategy: normal, platformName: mac, proxy: Proxy(), se:cdp: ws://localhost:64150/devtoo..., se:cdpVersion: 147.0.7727.138, setWindowRect: true, strictFileInteractability: false, timeouts: {implicit: 0, pageLoad: 300000, script: 30000}, unhandledPromptBehavior: dismiss and notify, webauthn:extension:credBlob: true, webauthn:extension:largeBlob: true, webauthn:extension:minPinLength: true, webauthn:extension:prf: true, webauthn:virtualAuthenticators: true}
Session ID: 34f4506c2117c94d9af93e52c297c4ec
✓ Headless Chrome browser closed successfully
]]></system-out>
    <system-err><![CDATA[May 05, 2026 3:22:50 AM org.openqa.selenium.devtools.CdpVersionFinder findNearestMatch
WARNING: Unable to find CDP implementation matching 147
May 05, 2026 3:22:50 AM org.openqa.selenium.chromium.ChromiumDriver lambda$new$5
WARNING: Unable to find version of CDP to use for 147.0.7727.138. You may need to include a dependency on a specific version of the CDP using something similar to `org.seleniumhq.selenium:selenium-devtools-v86:4.15.0` where the version ("v86") matches the version of the chromium-based browser you're using and the version number of the artifact is the same as Selenium's.
]]></system-err>
  </testcase>
  <testcase name="testCase06_SearchProperties" classname="com.example.WebApplicationTest" time="32.595">
    <system-out><![CDATA[✓ Headless Chrome browser launched successfully

=== Test Case 6: Search Properties ===
Search functionality not available: invalid selector: Unable to locate an element with the xpath expression //input[@placeholder*='search' or @placeholder*='Search' or @name*='search' or @id*='search'] because of the following error:
SyntaxError: Failed to execute 'evaluate' on 'Document': The string '//input[@placeholder*='search' or @placeholder*='Search' or @name*='search' or @id*='search']' is not a valid XPath expression.
  (Session info: chrome=147.0.7727.138)
For documentation on this error, please visit: https://www.selenium.dev/documentation/webdriver/troubleshooting/errors#invalid-selector-exception
Build info: version: '4.15.0', revision: '1d14b5521b'
System info: os.name: 'Mac OS X', os.arch: 'x86_64', os.version: '15.7.4', java.version: '25'
Driver info: org.openqa.selenium.chrome.ChromeDriver
Command: [cfa30a89402f94d47c7fa3a3a98bc5fc, findElements {using=xpath, value=//input[@placeholder*='search' or @placeholder*='Search' or @name*='search' or @id*='search']}]
Capabilities {acceptInsecureCerts: false, browserName: chrome, browserVersion: 147.0.7727.138, chrome: {chromedriverVersion: 147.0.7727.117 (474cc805edd..., userDataDir: /var/folders/0r/zljy6zy91g9...}, fedcm:accounts: true, goog:chromeOptions: {debuggerAddress: localhost:64185}, goog:processID: 21778, networkConnectionEnabled: false, pageLoadStrategy: normal, platformName: mac, proxy: Proxy(), se:cdp: ws://localhost:64185/devtoo..., se:cdpVersion: 147.0.7727.138, setWindowRect: true, strictFileInteractability: false, timeouts: {implicit: 0, pageLoad: 300000, script: 30000}, unhandledPromptBehavior: dismiss and notify, webauthn:extension:credBlob: true, webauthn:extension:largeBlob: true, webauthn:extension:minPinLength: true, webauthn:extension:prf: true, webauthn:virtualAuthenticators: true}
Session ID: cfa30a89402f94d47c7fa3a3a98bc5fc
✓ Headless Chrome browser closed successfully
]]></system-out>
    <system-err><![CDATA[May 05, 2026 3:23:16 AM org.openqa.selenium.devtools.CdpVersionFinder findNearestMatch
WARNING: Unable to find CDP implementation matching 147
May 05, 2026 3:23:16 AM org.openqa.selenium.chromium.ChromiumDriver lambda$new$5
WARNING: Unable to find version of CDP to use for 147.0.7727.138. You may need to include a dependency on a specific version of the CDP using something similar to `org.seleniumhq.selenium:selenium-devtools-v86:4.15.0` where the version ("v86") matches the version of the chromium-based browser you're using and the version number of the artifact is the same as Selenium's.
]]></system-err>
  </testcase>
  <testcase name="testCase07_FilterProperties" classname="com.example.WebApplicationTest" time="6.007">
    <system-out><![CDATA[✓ Headless Chrome browser launched successfully

=== Test Case 7: Filter Properties ===
Filter functionality not available: invalid selector: Unable to locate an element with the xpath expression //*[@id*='filter' or @class*='filter' or @class*='Filter'] because of the following error:
SyntaxError: Failed to execute 'evaluate' on 'Document': The string '//*[@id*='filter' or @class*='filter' or @class*='Filter']' is not a valid XPath expression.
  (Session info: chrome=147.0.7727.138)
For documentation on this error, please visit: https://www.selenium.dev/documentation/webdriver/troubleshooting/errors#invalid-selector-exception
Build info: version: '4.15.0', revision: '1d14b5521b'
System info: os.name: 'Mac OS X', os.arch: 'x86_64', os.version: '15.7.4', java.version: '25'
Driver info: org.openqa.selenium.chrome.ChromeDriver
Command: [f7475854afe173fa4bed6bad7a362224, findElements {using=xpath, value=//*[@id*='filter' or @class*='filter' or @class*='Filter']}]
Capabilities {acceptInsecureCerts: false, browserName: chrome, browserVersion: 147.0.7727.138, chrome: {chromedriverVersion: 147.0.7727.117 (474cc805edd..., userDataDir: /var/folders/0r/zljy6zy91g9...}, fedcm:accounts: true, goog:chromeOptions: {debuggerAddress: localhost:64219}, goog:processID: 21834, networkConnectionEnabled: false, pageLoadStrategy: normal, platformName: mac, proxy: Proxy(), se:cdp: ws://localhost:64219/devtoo..., se:cdpVersion: 147.0.7727.138, setWindowRect: true, strictFileInteractability: false, timeouts: {implicit: 0, pageLoad: 300000, script: 30000}, unhandledPromptBehavior: dismiss and notify, webauthn:extension:credBlob: true, webauthn:extension:largeBlob: true, webauthn:extension:minPinLength: true, webauthn:extension:prf: true, webauthn:virtualAuthenticators: true}
Session ID: f7475854afe173fa4bed6bad7a362224
✓ Headless Chrome browser closed successfully
]]></system-out>
    <system-err><![CDATA[May 05, 2026 3:23:48 AM org.openqa.selenium.devtools.CdpVersionFinder findNearestMatch
WARNING: Unable to find CDP implementation matching 147
May 05, 2026 3:23:48 AM org.openqa.selenium.chromium.ChromiumDriver lambda$new$5
WARNING: Unable to find version of CDP to use for 147.0.7727.138. You may need to include a dependency on a specific version of the CDP using something similar to `org.seleniumhq.selenium:selenium-devtools-v86:4.15.0` where the version ("v86") matches the version of the chromium-based browser you're using and the version number of the artifact is the same as Selenium's.
]]></system-err>
  </testcase>
  <testcase name="testCase05_VerifyPageElements" classname="com.example.WebApplicationTest" time="17.34">
    <system-out><![CDATA[✓ Headless Chrome browser launched successfully

=== Test Case 5: Verify Page Elements ===
✓ Total elements on page: 92
✓ Headless Chrome browser closed successfully
]]></system-out>
    <system-err><![CDATA[May 05, 2026 3:23:54 AM org.openqa.selenium.devtools.CdpVersionFinder findNearestMatch
WARNING: Unable to find CDP implementation matching 147
May 05, 2026 3:23:54 AM org.openqa.selenium.chromium.ChromiumDriver lambda$new$5
WARNING: Unable to find version of CDP to use for 147.0.7727.138. You may need to include a dependency on a specific version of the CDP using something similar to `org.seleniumhq.selenium:selenium-devtools-v86:4.15.0` where the version ("v86") matches the version of the chromium-based browser you're using and the version number of the artifact is the same as Selenium's.
]]></system-err>
  </testcase>
  <testcase name="testCase14_VerifyMetaTags" classname="com.example.WebApplicationTest" time="31.03">
    <system-out><![CDATA[✓ Headless Chrome browser launched successfully

=== Test Case 14: Meta Tags Verification ===
✓ Meta tags found: 2
✓ Viewport meta tag present
✓ Headless Chrome browser closed successfully
]]></system-out>
    <system-err><![CDATA[May 05, 2026 3:24:12 AM org.openqa.selenium.devtools.CdpVersionFinder findNearestMatch
WARNING: Unable to find CDP implementation matching 147
May 05, 2026 3:24:12 AM org.openqa.selenium.chromium.ChromiumDriver lambda$new$5
WARNING: Unable to find version of CDP to use for 147.0.7727.138. You may need to include a dependency on a specific version of the CDP using something similar to `org.seleniumhq.selenium:selenium-devtools-v86:4.15.0` where the version ("v86") matches the version of the chromium-based browser you're using and the version number of the artifact is the same as Selenium's.
]]></system-err>
  </testcase>
  <testcase name="testCase04_VerifyPageLoadsSuccessfully" classname="com.example.WebApplicationTest" time="12.682">
    <system-out><![CDATA[✓ Headless Chrome browser launched successfully

=== Test Case 4: Verify Page Loads Successfully ===
✓ Page loaded with source length: 246068 bytes
✓ Headless Chrome browser closed successfully
]]></system-out>
    <system-err><![CDATA[May 05, 2026 3:24:43 AM org.openqa.selenium.devtools.CdpVersionFinder findNearestMatch
WARNING: Unable to find CDP implementation matching 147
May 05, 2026 3:24:43 AM org.openqa.selenium.chromium.ChromiumDriver lambda$new$5
WARNING: Unable to find version of CDP to use for 147.0.7727.138. You may need to include a dependency on a specific version of the CDP using something similar to `org.seleniumhq.selenium:selenium-devtools-v86:4.15.0` where the version ("v86") matches the version of the chromium-based browser you're using and the version number of the artifact is the same as Selenium's.
]]></system-err>
  </testcase>
  <testcase name="testCase11_TestBrowserForwardButton" classname="com.example.WebApplicationTest" time="13.48">
    <system-out><![CDATA[✓ Headless Chrome browser launched successfully

=== Test Case 11: Browser Forward Button ===
✓ Forward navigation successful: http://51.21.171.143:5174/
✓ Headless Chrome browser closed successfully
]]></system-out>
    <system-err><![CDATA[May 05, 2026 3:24:55 AM org.openqa.selenium.devtools.CdpVersionFinder findNearestMatch
WARNING: Unable to find CDP implementation matching 147
May 05, 2026 3:24:55 AM org.openqa.selenium.chromium.ChromiumDriver lambda$new$5
WARNING: Unable to find version of CDP to use for 147.0.7727.138. You may need to include a dependency on a specific version of the CDP using something similar to `org.seleniumhq.selenium:selenium-devtools-v86:4.15.0` where the version ("v86") matches the version of the chromium-based browser you're using and the version number of the artifact is the same as Selenium's.
]]></system-err>
  </testcase>
  <testcase name="testCase12_VerifyPageRefresh" classname="com.example.WebApplicationTest" time="13.65">
    <system-out><![CDATA[✓ Headless Chrome browser launched successfully

=== Test Case 12: Page Refresh Test ===
✓ Page refreshed successfully
✓ Headless Chrome browser closed successfully
]]></system-out>
    <system-err><![CDATA[May 05, 2026 3:25:09 AM org.openqa.selenium.devtools.CdpVersionFinder findNearestMatch
WARNING: Unable to find CDP implementation matching 147
May 05, 2026 3:25:09 AM org.openqa.selenium.chromium.ChromiumDriver lambda$new$5
WARNING: Unable to find version of CDP to use for 147.0.7727.138. You may need to include a dependency on a specific version of the CDP using something similar to `org.seleniumhq.selenium:selenium-devtools-v86:4.15.0` where the version ("v86") matches the version of the chromium-based browser you're using and the version number of the artifact is the same as Selenium's.
]]></system-err>
  </testcase>
  <testcase name="testCase15_VerifyInteractiveElements" classname="com.example.WebApplicationTest" time="11.626">
    <system-out><![CDATA[✓ Headless Chrome browser launched successfully

=== Test Case 15: Interactive Elements Test ===
✓ Buttons found: 0
✓ Links found: 5
✓ Headless Chrome browser closed successfully
]]></system-out>
    <system-err><![CDATA[May 05, 2026 3:25:23 AM org.openqa.selenium.devtools.CdpVersionFinder findNearestMatch
WARNING: Unable to find CDP implementation matching 147
May 05, 2026 3:25:23 AM org.openqa.selenium.chromium.ChromiumDriver lambda$new$5
WARNING: Unable to find version of CDP to use for 147.0.7727.138. You may need to include a dependency on a specific version of the CDP using something similar to `org.seleniumhq.selenium:selenium-devtools-v86:4.15.0` where the version ("v86") matches the version of the chromium-based browser you're using and the version number of the artifact is the same as Selenium's.
]]></system-err>
  </testcase>
  <testcase name="testCase03_VerifyPageURL" classname="com.example.WebApplicationTest" time="16.964">
    <system-out><![CDATA[✓ Headless Chrome browser launched successfully

=== Test Case 3: Verify Page URL ===
✓ Current URL verified: http://51.21.171.143:5174/
✓ Headless Chrome browser closed successfully
]]></system-out>
    <system-err><![CDATA[May 05, 2026 3:25:34 AM org.openqa.selenium.devtools.CdpVersionFinder findNearestMatch
WARNING: Unable to find CDP implementation matching 147
May 05, 2026 3:25:34 AM org.openqa.selenium.chromium.ChromiumDriver lambda$new$5
WARNING: Unable to find version of CDP to use for 147.0.7727.138. You may need to include a dependency on a specific version of the CDP using something similar to `org.seleniumhq.selenium:selenium-devtools-v86:4.15.0` where the version ("v86") matches the version of the chromium-based browser you're using and the version number of the artifact is the same as Selenium's.
]]></system-err>
  </testcase>
  <testcase name="testCase10_TestBrowserBackButton" classname="com.example.WebApplicationTest" time="15.235">
    <system-out><![CDATA[✓ Headless Chrome browser launched successfully

=== Test Case 10: Browser Back Button ===
✓ URL after back navigation: http://51.21.171.143:5174/
✓ Headless Chrome browser closed successfully
]]></system-out>
    <system-err><![CDATA[May 05, 2026 3:25:51 AM org.openqa.selenium.devtools.CdpVersionFinder findNearestMatch
WARNING: Unable to find CDP implementation matching 147
May 05, 2026 3:25:51 AM org.openqa.selenium.chromium.ChromiumDriver lambda$new$5
WARNING: Unable to find version of CDP to use for 147.0.7727.138. You may need to include a dependency on a specific version of the CDP using something similar to `org.seleniumhq.selenium:selenium-devtools-v86:4.15.0` where the version ("v86") matches the version of the chromium-based browser you're using and the version number of the artifact is the same as Selenium's.
]]></system-err>
  </testcase>
  <testcase name="testCase09_TestFormSubmission" classname="com.example.WebApplicationTest" time="11.993">
    <system-out><![CDATA[✓ Headless Chrome browser launched successfully

=== Test Case 9: Test Form Submission ===
✓ Forms found on page: 0
✓ No form elements found on page - checking for alternative input methods
✓ Direct input fields found: 0
✓ Headless Chrome browser closed successfully
]]></system-out>
    <system-err><![CDATA[May 05, 2026 3:26:06 AM org.openqa.selenium.devtools.CdpVersionFinder findNearestMatch
WARNING: Unable to find CDP implementation matching 147
May 05, 2026 3:26:06 AM org.openqa.selenium.chromium.ChromiumDriver lambda$new$5
WARNING: Unable to find version of CDP to use for 147.0.7727.138. You may need to include a dependency on a specific version of the CDP using something similar to `org.seleniumhq.selenium:selenium-devtools-v86:4.15.0` where the version ("v86") matches the version of the chromium-based browser you're using and the version number of the artifact is the same as Selenium's.
]]></system-err>
  </testcase>
  <testcase name="testCase02_VerifyPageTitle" classname="com.example.WebApplicationTest" time="6.715">
    <system-out><![CDATA[✓ Headless Chrome browser launched successfully

=== Test Case 2: Verify Page Title ===
✓ Page Title: RentEase - Find Your Perfect Home
✓ Headless Chrome browser closed successfully
]]></system-out>
    <system-err><![CDATA[May 05, 2026 3:26:18 AM org.openqa.selenium.devtools.CdpVersionFinder findNearestMatch
WARNING: Unable to find CDP implementation matching 147
May 05, 2026 3:26:18 AM org.openqa.selenium.chromium.ChromiumDriver lambda$new$5
WARNING: Unable to find version of CDP to use for 147.0.7727.138. You may need to include a dependency on a specific version of the CDP using something similar to `org.seleniumhq.selenium:selenium-devtools-v86:4.15.0` where the version ("v86") matches the version of the chromium-based browser you're using and the version number of the artifact is the same as Selenium's.
]]></system-err>
  </testcase>
</testsuite>